Determining if the pthread_create exist failed with the following output:
Change Dir: /home/teeramoo/Desktop/Thesis_work/Point_cloud_segmentation/tree_fit/build/CMakeFiles/CMakeTmp

Run Build Command:"/usr/bin/make" "cmTC_0706b/fast"
/usr/bin/make -f CMakeFiles/cmTC_0706b.dir/build.make CMakeFiles/cmTC_0706b.dir/build
make[1]: Entering directory '/home/teeramoo/Desktop/Thesis_work/Point_cloud_segmentation/tree_fit/build/CMakeFiles/CMakeTmp'
Building C object CMakeFiles/cmTC_0706b.dir/CheckSymbolExists.c.o
/usr/bin/cc     -o CMakeFiles/cmTC_0706b.dir/CheckSymbolExists.c.o   -c /home/teeramoo/Desktop/Thesis_work/Point_cloud_segmentation/tree_fit/build/CMakeFiles/CMakeTmp/CheckSymbolExists.c
Linking C executable cmTC_0706b
/usr/bin/cmake -E cmake_link_script CMakeFiles/cmTC_0706b.dir/link.txt --verbose=1
/usr/bin/cc       CMakeFiles/cmTC_0706b.dir/CheckSymbolExists.c.o  -o cmTC_0706b -rdynamic 
CMakeFiles/cmTC_0706b.dir/CheckSymbolExists.c.o: In function `main':
CheckSymbolExists.c:(.text+0x16): undefined reference to `pthread_create'
collect2: error: ld returned 1 exit status
CMakeFiles/cmTC_0706b.dir/build.make:97: recipe for target 'cmTC_0706b' failed
make[1]: *** [cmTC_0706b] Error 1
make[1]: Leaving directory '/home/teeramoo/Desktop/Thesis_work/Point_cloud_segmentation/tree_fit/build/CMakeFiles/CMakeTmp'
Makefile:126: recipe for target 'cmTC_0706b/fast' failed
make: *** [cmTC_0706b/fast] Error 2

File /home/teeramoo/Desktop/Thesis_work/Point_cloud_segmentation/tree_fit/build/CMakeFiles/CMakeTmp/CheckSymbolExists.c:
/* */
#include <pthread.h>

int main(int argc, char** argv)
{
  (void)argv;
#ifndef pthread_create
  return ((int*)(&pthread_create))[argc];
#else
  (void)argc;
  return 0;
#endif
}

Determining if the function pthread_create exists in the pthreads failed with the following output:
Change Dir: /home/teeramoo/Desktop/Thesis_work/Point_cloud_segmentation/tree_fit/build/CMakeFiles/CMakeTmp

Run Build Command:"/usr/bin/make" "cmTC_65575/fast"
/usr/bin/make -f CMakeFiles/cmTC_65575.dir/build.make CMakeFiles/cmTC_65575.dir/build
make[1]: Entering directory '/home/teeramoo/Desktop/Thesis_work/Point_cloud_segmentation/tree_fit/build/CMakeFiles/CMakeTmp'
Building C object CMakeFiles/cmTC_65575.dir/CheckFunctionExists.c.o
/usr/bin/cc    -DCHECK_FUNCTION_EXISTS=pthread_create   -o CMakeFiles/cmTC_65575.dir/CheckFunctionExists.c.o   -c /usr/share/cmake-3.5/Modules/CheckFunctionExists.c
Linking C executable cmTC_65575
/usr/bin/cmake -E cmake_link_script CMakeFiles/cmTC_65575.dir/link.txt --verbose=1
/usr/bin/cc   -DCHECK_FUNCTION_EXISTS=pthread_create    CMakeFiles/cmTC_65575.dir/CheckFunctionExists.c.o  -o cmTC_65575 -rdynamic -lpthreads 
/usr/bin/ld: cannot find -lpthreads
collect2: error: ld returned 1 exit status
CMakeFiles/cmTC_65575.dir/build.make:97: recipe for target 'cmTC_65575' failed
make[1]: *** [cmTC_65575] Error 1
make[1]: Leaving directory '/home/teeramoo/Desktop/Thesis_work/Point_cloud_segmentation/tree_fit/build/CMakeFiles/CMakeTmp'
Makefile:126: recipe for target 'cmTC_65575/fast' failed
make: *** [cmTC_65575/fast] Error 2


Determining if the pthread_create exist failed with the following output:
Change Dir: /home/teeramoo/Desktop/Thesis_work/Point_cloud_segmentation/tree_fit/build/CMakeFiles/CMakeTmp

Run Build Command:"/usr/bin/make" "cmTC_3c31c/fast"
make[1]: Entering directory '/home/teeramoo/Desktop/Thesis_work/Point_cloud_segmentation/tree_fit/build/CMakeFiles/CMakeTmp'
/usr/bin/make -f CMakeFiles/cmTC_3c31c.dir/build.make CMakeFiles/cmTC_3c31c.dir/build
make[2]: Entering directory '/home/teeramoo/Desktop/Thesis_work/Point_cloud_segmentation/tree_fit/build/CMakeFiles/CMakeTmp'
Building C object CMakeFiles/cmTC_3c31c.dir/CheckSymbolExists.c.o
/usr/bin/cc     -o CMakeFiles/cmTC_3c31c.dir/CheckSymbolExists.c.o   -c /home/teeramoo/Desktop/Thesis_work/Point_cloud_segmentation/tree_fit/build/CMakeFiles/CMakeTmp/CheckSymbolExists.c
Linking C executable cmTC_3c31c
/usr/bin/cmake -E cmake_link_script CMakeFiles/cmTC_3c31c.dir/link.txt --verbose=1
/usr/bin/cc       CMakeFiles/cmTC_3c31c.dir/CheckSymbolExists.c.o  -o cmTC_3c31c -rdynamic 
CMakeFiles/cmTC_3c31c.dir/CheckSymbolExists.c.o: In function `main':
CheckSymbolExists.c:(.text+0x16): undefined reference to `pthread_create'
collect2: error: ld returned 1 exit status
CMakeFiles/cmTC_3c31c.dir/build.make:97: recipe for target 'cmTC_3c31c' failed
make[2]: *** [cmTC_3c31c] Error 1
make[2]: Leaving directory '/home/teeramoo/Desktop/Thesis_work/Point_cloud_segmentation/tree_fit/build/CMakeFiles/CMakeTmp'
Makefile:126: recipe for target 'cmTC_3c31c/fast' failed
make[1]: *** [cmTC_3c31c/fast] Error 2
make[1]: Leaving directory '/home/teeramoo/Desktop/Thesis_work/Point_cloud_segmentation/tree_fit/build/CMakeFiles/CMakeTmp'

File /home/teeramoo/Desktop/Thesis_work/Point_cloud_segmentation/tree_fit/build/CMakeFiles/CMakeTmp/CheckSymbolExists.c:
/* */
#include <pthread.h>

int main(int argc, char** argv)
{
  (void)argv;
#ifndef pthread_create
  return ((int*)(&pthread_create))[argc];
#else
  (void)argc;
  return 0;
#endif
}

Determining if the function pthread_create exists in the pthreads failed with the following output:
Change Dir: /home/teeramoo/Desktop/Thesis_work/Point_cloud_segmentation/tree_fit/build/CMakeFiles/CMakeTmp

Run Build Command:"/usr/bin/make" "cmTC_f1740/fast"
make[1]: Entering directory '/home/teeramoo/Desktop/Thesis_work/Point_cloud_segmentation/tree_fit/build/CMakeFiles/CMakeTmp'
/usr/bin/make -f CMakeFiles/cmTC_f1740.dir/build.make CMakeFiles/cmTC_f1740.dir/build
make[2]: Entering directory '/home/teeramoo/Desktop/Thesis_work/Point_cloud_segmentation/tree_fit/build/CMakeFiles/CMakeTmp'
Building C object CMakeFiles/cmTC_f1740.dir/CheckFunctionExists.c.o
/usr/bin/cc    -DCHECK_FUNCTION_EXISTS=pthread_create   -o CMakeFiles/cmTC_f1740.dir/CheckFunctionExists.c.o   -c /usr/share/cmake-3.5/Modules/CheckFunctionExists.c
Linking C executable cmTC_f1740
/usr/bin/cmake -E cmake_link_script CMakeFiles/cmTC_f1740.dir/link.txt --verbose=1
/usr/bin/cc   -DCHECK_FUNCTION_EXISTS=pthread_create    CMakeFiles/cmTC_f1740.dir/CheckFunctionExists.c.o  -o cmTC_f1740 -rdynamic -lpthreads 
/usr/bin/ld: cannot find -lpthreads
collect2: error: ld returned 1 exit status
CMakeFiles/cmTC_f1740.dir/build.make:97: recipe for target 'cmTC_f1740' failed
make[2]: *** [cmTC_f1740] Error 1
make[2]: Leaving directory '/home/teeramoo/Desktop/Thesis_work/Point_cloud_segmentation/tree_fit/build/CMakeFiles/CMakeTmp'
Makefile:126: recipe for target 'cmTC_f1740/fast' failed
make[1]: *** [cmTC_f1740/fast] Error 2
make[1]: Leaving directory '/home/teeramoo/Desktop/Thesis_work/Point_cloud_segmentation/tree_fit/build/CMakeFiles/CMakeTmp'


